mode: set
github.com/ACHTIX/assessment-tax/database/db.go:11.36,14.16 3 0
github.com/ACHTIX/assessment-tax/database/db.go:14.16,16.3 1 0
github.com/ACHTIX/assessment-tax/database/db.go:18.2,18.33 1 0
github.com/ACHTIX/assessment-tax/database/db.go:18.33,20.3 1 0
github.com/ACHTIX/assessment-tax/database/db.go:23.16,24.15 1 0
github.com/ACHTIX/assessment-tax/database/db.go:24.15,26.17 2 0
github.com/ACHTIX/assessment-tax/database/db.go:26.17,28.4 1 0
github.com/ACHTIX/assessment-tax/database/db.go:28.9,30.4 1 0
github.com/ACHTIX/assessment-tax/database/get.go:8.47,12.16 3 0
github.com/ACHTIX/assessment-tax/database/get.go:12.16,14.3 1 0
github.com/ACHTIX/assessment-tax/database/get.go:16.2,18.21 2 0
github.com/ACHTIX/assessment-tax/database/set.go:5.51,8.16 2 0
github.com/ACHTIX/assessment-tax/database/set.go:8.16,10.3 1 0
github.com/ACHTIX/assessment-tax/database/set.go:11.2,15.16 3 0
github.com/ACHTIX/assessment-tax/database/set.go:15.16,17.3 1 0
github.com/ACHTIX/assessment-tax/database/set.go:19.2,21.12 2 0
github.com/ACHTIX/assessment-tax/database/set.go:24.51,27.16 2 0
github.com/ACHTIX/assessment-tax/database/set.go:27.16,29.3 1 0
github.com/ACHTIX/assessment-tax/database/set.go:30.2,34.16 3 0
github.com/ACHTIX/assessment-tax/database/set.go:34.16,36.3 1 0
github.com/ACHTIX/assessment-tax/database/set.go:38.2,40.12 2 0
github.com/ACHTIX/assessment-tax/docs/docs.go:34.13,36.2 1 0
github.com/ACHTIX/assessment-tax/main.go:25.49,29.42 2 0
github.com/ACHTIX/assessment-tax/main.go:29.42,31.3 1 0
github.com/ACHTIX/assessment-tax/main.go:32.2,32.45 1 0
github.com/ACHTIX/assessment-tax/main.go:32.45,35.3 2 0
github.com/ACHTIX/assessment-tax/main.go:38.2,38.35 1 0
github.com/ACHTIX/assessment-tax/main.go:38.35,40.3 1 0
github.com/ACHTIX/assessment-tax/main.go:42.2,48.20 4 0
github.com/ACHTIX/assessment-tax/main.go:48.20,50.3 1 0
github.com/ACHTIX/assessment-tax/main.go:50.8,52.3 1 0
github.com/ACHTIX/assessment-tax/main.go:54.2,62.34 2 0
github.com/ACHTIX/assessment-tax/main.go:62.34,63.50 1 0
github.com/ACHTIX/assessment-tax/main.go:63.50,65.9 2 0
github.com/ACHTIX/assessment-tax/main.go:66.9,66.54 1 0
github.com/ACHTIX/assessment-tax/main.go:66.54,68.4 1 0
github.com/ACHTIX/assessment-tax/main.go:68.9,68.60 1 0
github.com/ACHTIX/assessment-tax/main.go:68.60,70.4 1 0
github.com/ACHTIX/assessment-tax/main.go:70.9,70.62 1 0
github.com/ACHTIX/assessment-tax/main.go:70.62,72.4 1 0
github.com/ACHTIX/assessment-tax/main.go:72.9,72.64 1 0
github.com/ACHTIX/assessment-tax/main.go:72.64,74.4 1 0
github.com/ACHTIX/assessment-tax/main.go:74.9,74.73 1 0
github.com/ACHTIX/assessment-tax/main.go:74.73,76.4 1 0
github.com/ACHTIX/assessment-tax/main.go:79.2,82.39 2 0
github.com/ACHTIX/assessment-tax/main.go:85.57,91.16 3 0
github.com/ACHTIX/assessment-tax/main.go:91.16,93.3 1 0
github.com/ACHTIX/assessment-tax/main.go:96.2,96.22 1 0
github.com/ACHTIX/assessment-tax/main.go:96.22,98.3 1 0
github.com/ACHTIX/assessment-tax/main.go:101.2,101.39 1 0
github.com/ACHTIX/assessment-tax/main.go:101.39,103.3 1 0
github.com/ACHTIX/assessment-tax/main.go:104.2,104.42 1 0
github.com/ACHTIX/assessment-tax/main.go:104.42,107.3 2 0
github.com/ACHTIX/assessment-tax/main.go:109.2,112.16 3 0
github.com/ACHTIX/assessment-tax/main.go:112.16,113.13 1 0
github.com/ACHTIX/assessment-tax/main.go:116.2,119.79 2 0
github.com/ACHTIX/assessment-tax/main.go:122.41,124.16 2 0
github.com/ACHTIX/assessment-tax/main.go:124.16,126.3 1 0
github.com/ACHTIX/assessment-tax/main.go:128.2,129.16 2 0
github.com/ACHTIX/assessment-tax/main.go:129.16,131.3 1 0
github.com/ACHTIX/assessment-tax/main.go:132.2,137.40 4 0
github.com/ACHTIX/assessment-tax/main.go:137.40,139.3 1 0
github.com/ACHTIX/assessment-tax/main.go:140.2,142.6 2 0
github.com/ACHTIX/assessment-tax/main.go:142.6,144.20 2 0
github.com/ACHTIX/assessment-tax/main.go:144.20,145.9 1 0
github.com/ACHTIX/assessment-tax/main.go:147.3,147.17 1 0
github.com/ACHTIX/assessment-tax/main.go:147.17,149.4 1 0
github.com/ACHTIX/assessment-tax/main.go:151.3,157.17 5 0
github.com/ACHTIX/assessment-tax/main.go:157.17,159.4 1 0
github.com/ACHTIX/assessment-tax/main.go:161.3,178.15 5 0
github.com/ACHTIX/assessment-tax/main.go:178.15,186.4 1 0
github.com/ACHTIX/assessment-tax/main.go:186.9,194.4 1 0
github.com/ACHTIX/assessment-tax/main.go:196.3,196.18 1 0
github.com/ACHTIX/assessment-tax/main.go:199.2,201.72 2 0
github.com/ACHTIX/assessment-tax/main.go:204.57,211.16 3 0
github.com/ACHTIX/assessment-tax/main.go:211.16,213.3 1 0
github.com/ACHTIX/assessment-tax/main.go:216.2,216.22 1 0
github.com/ACHTIX/assessment-tax/main.go:216.22,218.3 1 0
github.com/ACHTIX/assessment-tax/main.go:221.2,221.39 1 0
github.com/ACHTIX/assessment-tax/main.go:221.39,223.3 1 0
github.com/ACHTIX/assessment-tax/main.go:224.2,224.42 1 0
github.com/ACHTIX/assessment-tax/main.go:224.42,227.3 2 0
github.com/ACHTIX/assessment-tax/main.go:230.2,235.16 4 0
github.com/ACHTIX/assessment-tax/main.go:235.16,236.13 1 0
github.com/ACHTIX/assessment-tax/main.go:240.2,240.70 1 0
github.com/ACHTIX/assessment-tax/main.go:243.13,249.24 3 0
github.com/ACHTIX/assessment-tax/main.go:249.24,252.3 2 0
github.com/ACHTIX/assessment-tax/main.go:253.2,254.16 2 0
github.com/ACHTIX/assessment-tax/main.go:254.16,257.3 2 0
github.com/ACHTIX/assessment-tax/main.go:258.2,259.26 2 0
github.com/ACHTIX/assessment-tax/main.go:259.26,262.3 2 0
github.com/ACHTIX/assessment-tax/main.go:263.2,264.26 2 0
github.com/ACHTIX/assessment-tax/main.go:264.26,267.3 2 0
github.com/ACHTIX/assessment-tax/main.go:269.2,284.12 8 0
github.com/ACHTIX/assessment-tax/main.go:284.12,285.76 1 0
github.com/ACHTIX/assessment-tax/main.go:285.76,287.4 1 0
github.com/ACHTIX/assessment-tax/main.go:290.2,297.40 7 0
github.com/ACHTIX/assessment-tax/main.go:297.40,299.3 1 0
github.com/ACHTIX/assessment-tax/main.go:300.2,300.43 1 0
github.com/ACHTIX/assessment-tax/main.go:303.25,308.2 4 0
github.com/ACHTIX/assessment-tax/util/allowance.go:9.58,11.23 2 0
github.com/ACHTIX/assessment-tax/util/allowance.go:11.23,13.43 2 0
github.com/ACHTIX/assessment-tax/util/allowance.go:13.43,15.4 1 0
github.com/ACHTIX/assessment-tax/util/allowance.go:15.9,15.51 1 0
github.com/ACHTIX/assessment-tax/util/allowance.go:15.51,17.4 1 0
github.com/ACHTIX/assessment-tax/util/allowance.go:20.2,22.15 2 0
github.com/ACHTIX/assessment-tax/util/allowance.go:26.48,27.22 1 0
github.com/ACHTIX/assessment-tax/util/allowance.go:27.22,29.3 1 0
github.com/ACHTIX/assessment-tax/util/allowance.go:29.8,29.44 1 0
github.com/ACHTIX/assessment-tax/util/allowance.go:29.44,31.3 1 0
github.com/ACHTIX/assessment-tax/util/allowance.go:31.8,34.3 2 0
github.com/ACHTIX/assessment-tax/util/allowance.go:39.48,40.21 1 0
github.com/ACHTIX/assessment-tax/util/allowance.go:40.21,42.3 1 0
github.com/ACHTIX/assessment-tax/util/allowance.go:42.8,42.43 1 0
github.com/ACHTIX/assessment-tax/util/allowance.go:42.43,44.3 1 0
github.com/ACHTIX/assessment-tax/util/allowance.go:46.2,48.10 2 0
github.com/ACHTIX/assessment-tax/util/allowance.go:53.53,54.22 1 0
github.com/ACHTIX/assessment-tax/util/allowance.go:54.22,56.3 1 0
github.com/ACHTIX/assessment-tax/util/allowance.go:56.8,56.28 1 0
github.com/ACHTIX/assessment-tax/util/allowance.go:56.28,58.3 1 0
github.com/ACHTIX/assessment-tax/util/allowance.go:58.8,61.3 2 0
github.com/ACHTIX/assessment-tax/util/allowance.go:65.53,66.22 1 0
github.com/ACHTIX/assessment-tax/util/allowance.go:66.22,68.3 1 0
github.com/ACHTIX/assessment-tax/util/allowance.go:68.8,68.23 1 0
github.com/ACHTIX/assessment-tax/util/allowance.go:68.23,70.3 1 0
github.com/ACHTIX/assessment-tax/util/allowance.go:70.8,73.3 2 0
github.com/ACHTIX/assessment-tax/util/tax.go:10.54,17.2 4 0
github.com/ACHTIX/assessment-tax/util/tax.go:20.76,25.19 4 0
github.com/ACHTIX/assessment-tax/util/tax.go:25.19,27.3 1 0
github.com/ACHTIX/assessment-tax/util/tax.go:29.2,29.30 1 0
github.com/ACHTIX/assessment-tax/util/tax.go:33.46,34.19 1 0
github.com/ACHTIX/assessment-tax/util/tax.go:34.19,36.3 1 0
github.com/ACHTIX/assessment-tax/util/tax.go:36.8,36.32 1 0
github.com/ACHTIX/assessment-tax/util/tax.go:36.32,38.3 1 0
github.com/ACHTIX/assessment-tax/util/tax.go:38.8,38.32 1 0
github.com/ACHTIX/assessment-tax/util/tax.go:38.32,40.3 1 0
github.com/ACHTIX/assessment-tax/util/tax.go:40.8,40.33 1 0
github.com/ACHTIX/assessment-tax/util/tax.go:40.33,42.3 1 0
github.com/ACHTIX/assessment-tax/util/tax.go:42.8,42.33 1 0
github.com/ACHTIX/assessment-tax/util/tax.go:42.33,44.3 1 0
github.com/ACHTIX/assessment-tax/util/tax.go:44.8,44.33 1 0
github.com/ACHTIX/assessment-tax/util/tax.go:44.33,46.3 1 0
github.com/ACHTIX/assessment-tax/util/tax.go:48.2,50.10 2 0
github.com/ACHTIX/assessment-tax/util/tax.go:54.79,57.37 2 0
github.com/ACHTIX/assessment-tax/util/tax.go:57.37,59.3 1 0
github.com/ACHTIX/assessment-tax/util/tax.go:59.8,59.50 1 0
github.com/ACHTIX/assessment-tax/util/tax.go:59.50,61.3 1 0
github.com/ACHTIX/assessment-tax/util/tax.go:61.8,61.32 1 0
github.com/ACHTIX/assessment-tax/util/tax.go:61.32,65.3 3 0
github.com/ACHTIX/assessment-tax/util/tax.go:65.8,65.33 1 0
github.com/ACHTIX/assessment-tax/util/tax.go:65.33,69.3 3 0
github.com/ACHTIX/assessment-tax/util/tax.go:69.8,69.33 1 0
github.com/ACHTIX/assessment-tax/util/tax.go:69.33,73.3 3 0
github.com/ACHTIX/assessment-tax/util/tax.go:73.8,77.3 3 0
github.com/ACHTIX/assessment-tax/util/validate.go:12.58,14.2 1 0
github.com/ACHTIX/assessment-tax/util/allowance.go:9.58,11.23 2 1
github.com/ACHTIX/assessment-tax/util/allowance.go:11.23,13.43 2 1
github.com/ACHTIX/assessment-tax/util/allowance.go:13.43,15.4 1 1
github.com/ACHTIX/assessment-tax/util/allowance.go:15.9,15.51 1 0
github.com/ACHTIX/assessment-tax/util/allowance.go:15.51,17.4 1 0
github.com/ACHTIX/assessment-tax/util/allowance.go:20.2,22.15 2 1
github.com/ACHTIX/assessment-tax/util/allowance.go:26.48,27.22 1 1
github.com/ACHTIX/assessment-tax/util/allowance.go:27.22,29.3 1 0
github.com/ACHTIX/assessment-tax/util/allowance.go:29.8,29.44 1 1
github.com/ACHTIX/assessment-tax/util/allowance.go:29.44,31.3 1 1
github.com/ACHTIX/assessment-tax/util/allowance.go:31.8,34.3 2 0
github.com/ACHTIX/assessment-tax/util/allowance.go:39.48,40.21 1 0
github.com/ACHTIX/assessment-tax/util/allowance.go:40.21,42.3 1 0
github.com/ACHTIX/assessment-tax/util/allowance.go:42.8,42.43 1 0
github.com/ACHTIX/assessment-tax/util/allowance.go:42.43,44.3 1 0
github.com/ACHTIX/assessment-tax/util/allowance.go:46.2,48.10 2 0
github.com/ACHTIX/assessment-tax/util/allowance.go:53.53,54.22 1 0
github.com/ACHTIX/assessment-tax/util/allowance.go:54.22,56.3 1 0
github.com/ACHTIX/assessment-tax/util/allowance.go:56.8,56.28 1 0
github.com/ACHTIX/assessment-tax/util/allowance.go:56.28,58.3 1 0
github.com/ACHTIX/assessment-tax/util/allowance.go:58.8,61.3 2 0
github.com/ACHTIX/assessment-tax/util/allowance.go:65.53,66.22 1 0
github.com/ACHTIX/assessment-tax/util/allowance.go:66.22,68.3 1 0
github.com/ACHTIX/assessment-tax/util/allowance.go:68.8,68.23 1 0
github.com/ACHTIX/assessment-tax/util/allowance.go:68.23,70.3 1 0
github.com/ACHTIX/assessment-tax/util/allowance.go:70.8,73.3 2 0
github.com/ACHTIX/assessment-tax/util/tax.go:10.54,17.2 4 1
github.com/ACHTIX/assessment-tax/util/tax.go:20.76,25.19 4 1
github.com/ACHTIX/assessment-tax/util/tax.go:25.19,27.3 1 1
github.com/ACHTIX/assessment-tax/util/tax.go:29.2,29.30 1 1
github.com/ACHTIX/assessment-tax/util/tax.go:33.46,34.19 1 1
github.com/ACHTIX/assessment-tax/util/tax.go:34.19,36.3 1 1
github.com/ACHTIX/assessment-tax/util/tax.go:36.8,36.32 1 1
github.com/ACHTIX/assessment-tax/util/tax.go:36.32,38.3 1 1
github.com/ACHTIX/assessment-tax/util/tax.go:38.8,38.32 1 1
github.com/ACHTIX/assessment-tax/util/tax.go:38.32,40.3 1 1
github.com/ACHTIX/assessment-tax/util/tax.go:40.8,40.33 1 1
github.com/ACHTIX/assessment-tax/util/tax.go:40.33,42.3 1 1
github.com/ACHTIX/assessment-tax/util/tax.go:42.8,42.33 1 1
github.com/ACHTIX/assessment-tax/util/tax.go:42.33,44.3 1 1
github.com/ACHTIX/assessment-tax/util/tax.go:44.8,44.33 1 1
github.com/ACHTIX/assessment-tax/util/tax.go:44.33,46.3 1 1
github.com/ACHTIX/assessment-tax/util/tax.go:48.2,50.10 2 0
github.com/ACHTIX/assessment-tax/util/tax.go:54.79,57.37 2 1
github.com/ACHTIX/assessment-tax/util/tax.go:57.37,59.3 1 1
github.com/ACHTIX/assessment-tax/util/tax.go:59.8,59.50 1 1
github.com/ACHTIX/assessment-tax/util/tax.go:59.50,61.3 1 1
github.com/ACHTIX/assessment-tax/util/tax.go:61.8,61.32 1 1
github.com/ACHTIX/assessment-tax/util/tax.go:61.32,65.3 3 1
github.com/ACHTIX/assessment-tax/util/tax.go:65.8,65.33 1 1
github.com/ACHTIX/assessment-tax/util/tax.go:65.33,69.3 3 1
github.com/ACHTIX/assessment-tax/util/tax.go:69.8,69.33 1 1
github.com/ACHTIX/assessment-tax/util/tax.go:69.33,73.3 3 0
github.com/ACHTIX/assessment-tax/util/tax.go:73.8,77.3 3 1
github.com/ACHTIX/assessment-tax/util/validate.go:12.58,14.2 1 0
github.com/ACHTIX/assessment-tax/util/allowance.go:9.58,11.23 2 1
github.com/ACHTIX/assessment-tax/util/allowance.go:11.23,13.43 2 1
github.com/ACHTIX/assessment-tax/util/allowance.go:13.43,15.4 1 1
github.com/ACHTIX/assessment-tax/util/allowance.go:15.9,15.51 1 1
github.com/ACHTIX/assessment-tax/util/allowance.go:15.51,17.4 1 1
github.com/ACHTIX/assessment-tax/util/allowance.go:20.2,22.15 2 1
github.com/ACHTIX/assessment-tax/util/allowance.go:26.48,27.22 1 1
github.com/ACHTIX/assessment-tax/util/allowance.go:27.22,29.3 1 1
github.com/ACHTIX/assessment-tax/util/allowance.go:29.8,29.44 1 1
github.com/ACHTIX/assessment-tax/util/allowance.go:29.44,31.3 1 1
github.com/ACHTIX/assessment-tax/util/allowance.go:31.8,34.3 2 1
github.com/ACHTIX/assessment-tax/util/allowance.go:39.48,40.21 1 1
github.com/ACHTIX/assessment-tax/util/allowance.go:40.21,42.3 1 1
github.com/ACHTIX/assessment-tax/util/allowance.go:42.8,42.43 1 1
github.com/ACHTIX/assessment-tax/util/allowance.go:42.43,44.3 1 1
github.com/ACHTIX/assessment-tax/util/allowance.go:46.2,48.10 2 1
github.com/ACHTIX/assessment-tax/util/allowance.go:53.53,54.22 1 1
github.com/ACHTIX/assessment-tax/util/allowance.go:54.22,56.3 1 1
github.com/ACHTIX/assessment-tax/util/allowance.go:56.8,56.28 1 1
github.com/ACHTIX/assessment-tax/util/allowance.go:56.28,58.3 1 1
github.com/ACHTIX/assessment-tax/util/allowance.go:58.8,61.3 2 1
github.com/ACHTIX/assessment-tax/util/allowance.go:65.53,66.22 1 1
github.com/ACHTIX/assessment-tax/util/allowance.go:66.22,68.3 1 1
github.com/ACHTIX/assessment-tax/util/allowance.go:68.8,68.23 1 1
github.com/ACHTIX/assessment-tax/util/allowance.go:68.23,70.3 1 1
github.com/ACHTIX/assessment-tax/util/allowance.go:70.8,73.3 2 1
github.com/ACHTIX/assessment-tax/util/tax.go:10.54,17.2 4 0
github.com/ACHTIX/assessment-tax/util/tax.go:20.76,25.19 4 0
github.com/ACHTIX/assessment-tax/util/tax.go:25.19,27.3 1 0
github.com/ACHTIX/assessment-tax/util/tax.go:29.2,29.30 1 0
github.com/ACHTIX/assessment-tax/util/tax.go:33.46,34.19 1 0
github.com/ACHTIX/assessment-tax/util/tax.go:34.19,36.3 1 0
github.com/ACHTIX/assessment-tax/util/tax.go:36.8,36.32 1 0
github.com/ACHTIX/assessment-tax/util/tax.go:36.32,38.3 1 0
github.com/ACHTIX/assessment-tax/util/tax.go:38.8,38.32 1 0
github.com/ACHTIX/assessment-tax/util/tax.go:38.32,40.3 1 0
github.com/ACHTIX/assessment-tax/util/tax.go:40.8,40.33 1 0
github.com/ACHTIX/assessment-tax/util/tax.go:40.33,42.3 1 0
github.com/ACHTIX/assessment-tax/util/tax.go:42.8,42.33 1 0
github.com/ACHTIX/assessment-tax/util/tax.go:42.33,44.3 1 0
github.com/ACHTIX/assessment-tax/util/tax.go:44.8,44.33 1 0
github.com/ACHTIX/assessment-tax/util/tax.go:44.33,46.3 1 0
github.com/ACHTIX/assessment-tax/util/tax.go:48.2,50.10 2 0
github.com/ACHTIX/assessment-tax/util/tax.go:54.79,57.37 2 0
github.com/ACHTIX/assessment-tax/util/tax.go:57.37,59.3 1 0
github.com/ACHTIX/assessment-tax/util/tax.go:59.8,59.50 1 0
github.com/ACHTIX/assessment-tax/util/tax.go:59.50,61.3 1 0
github.com/ACHTIX/assessment-tax/util/tax.go:61.8,61.32 1 0
github.com/ACHTIX/assessment-tax/util/tax.go:61.32,65.3 3 0
github.com/ACHTIX/assessment-tax/util/tax.go:65.8,65.33 1 0
github.com/ACHTIX/assessment-tax/util/tax.go:65.33,69.3 3 0
github.com/ACHTIX/assessment-tax/util/tax.go:69.8,69.33 1 0
github.com/ACHTIX/assessment-tax/util/tax.go:69.33,73.3 3 0
github.com/ACHTIX/assessment-tax/util/tax.go:73.8,77.3 3 0
github.com/ACHTIX/assessment-tax/util/validate.go:12.58,14.2 1 0
